<?xml version="1.0" encoding="UTF-8"?>
<!-- Generated by org.testng.reporters.JUnitXMLReporter -->
<testsuite ignored="0" hostname="DESKTOP-0CA9R8P" failures="0" tests="5" name="Test" time="17.649" errors="0" timestamp="2024-11-19T12:34:37 IST">
  <testcase classname="TestNGExecution.Batch1" name="swiggy" time="17.298"/>
  <testcase classname="TestNGExecution.Batch5" name="Dominos" time="17.321"/>
  <testcase classname="TestNGExecution.Batch3" name="Pizzahut" time="17.403"/>
  <testcase classname="TestNGExecution.Batch4" name="KFC" time="17.448"/>
  <testcase classname="TestNGExecution.Batch2" name="Zomato" time="17.571"/>
</testsuite> <!-- Test -->
