<?xml version="1.0" encoding="UTF-8"?>
<!-- Generated by org.testng.reporters.JUnitXMLReporter -->
<testsuite ignored="0" hostname="DESKTOP-0CA9R8P" failures="0" tests="4" name="Default test" time="43.739" errors="0" timestamp="2024-11-28T20:49:10 IST">
  <testcase classname="TestNG.DataProvider" name="senddata" time="12.034"/>
  <testcase classname="TestNG.DataProvider" name="senddata" time="12.804"/>
  <testcase classname="TestNG.DataProvider" name="senddata" time="6.423"/>
  <testcase classname="TestNG.DataProvider" name="senddata" time="12.406"/>
</testsuite> <!-- Default test -->
