<?xml version="1.0" encoding="UTF-8"?>
<!-- Generated by org.testng.reporters.JUnitXMLReporter -->
<testsuite ignored="0" hostname="DESKTOP-0CA9R8P" failures="0" tests="5" name="Test" time="28.08" errors="0" timestamp="2024-11-19T12:32:33 IST">
  <testcase classname="TestNGExecution.Batch5" name="Dominos" time="4.116"/>
  <testcase classname="TestNGExecution.Batch4" name="KFC" time="5.983"/>
  <testcase classname="TestNGExecution.Batch3" name="Pizzahut" time="6.949"/>
  <testcase classname="TestNGExecution.Batch2" name="Zomato" time="5.902"/>
  <testcase classname="TestNGExecution.Batch1" name="swiggy" time="5.044"/>
</testsuite> <!-- Test -->
