<?xml version="1.0" encoding="UTF-8"?>
<testng-results ignored="0" total="4" passed="4" failed="0" skipped="0">
  <reporter-output>
  </reporter-output>
  <suite started-at="2024-11-28T20:48:26 IST" name="Default suite" finished-at="2024-11-28T20:49:10 IST" duration-ms="43739">
    <groups>
    </groups>
    <test started-at="2024-11-28T20:48:26 IST" name="Default test" finished-at="2024-11-28T20:49:10 IST" duration-ms="43739">
      <class name="TestNG.DataProvider">
        <test-method signature="senddata(java.lang.String,java.lang.String)[pri:0, instance:TestNG.DataProvider@67d48005]" started-at="2024-11-28T20:48:26 IST" name="senddata" data-provider="Insta" finished-at="2024-11-28T20:48:38 IST" duration-ms="12034" status="PASS">
          <params>
            <param index="0">
              <value>
                <![CDATA[Jayalaxmi]]>
              </value>
            </param>
            <param index="1">
              <value>
                <![CDATA[jaya@123]]>
              </value>
            </param>
          </params>
          <reporter-output>
          </reporter-output>
        </test-method> <!-- senddata -->
        <test-method signature="senddata(java.lang.String,java.lang.String)[pri:0, instance:TestNG.DataProvider@67d48005]" started-at="2024-11-28T20:48:38 IST" name="senddata" data-provider="Insta" finished-at="2024-11-28T20:48:51 IST" duration-ms="12804" status="PASS">
          <params>
            <param index="0">
              <value>
                <![CDATA[Rithika]]>
              </value>
            </param>
            <param index="1">
              <value>
                <![CDATA[rithi@1234]]>
              </value>
            </param>
          </params>
          <reporter-output>
          </reporter-output>
        </test-method> <!-- senddata -->
        <test-method signature="senddata(java.lang.String,java.lang.String)[pri:0, instance:TestNG.DataProvider@67d48005]" started-at="2024-11-28T20:48:51 IST" name="senddata" data-provider="Insta" finished-at="2024-11-28T20:48:57 IST" duration-ms="6423" status="PASS">
          <params>
            <param index="0">
              <value>
                <![CDATA[Poornima]]>
              </value>
            </param>
            <param index="1">
              <value>
                <![CDATA[poorni@199]]>
              </value>
            </param>
          </params>
          <reporter-output>
          </reporter-output>
        </test-method> <!-- senddata -->
        <test-method signature="senddata(java.lang.String,java.lang.String)[pri:0, instance:TestNG.DataProvider@67d48005]" started-at="2024-11-28T20:48:57 IST" name="senddata" data-provider="Insta" finished-at="2024-11-28T20:49:10 IST" duration-ms="12406" status="PASS">
          <params>
            <param index="0">
              <value>
                <![CDATA[Lavanya]]>
              </value>
            </param>
            <param index="1">
              <value>
                <![CDATA[lavanya@3455]]>
              </value>
            </param>
          </params>
          <reporter-output>
          </reporter-output>
        </test-method> <!-- senddata -->
      </class> <!-- TestNG.DataProvider -->
    </test> <!-- Default test -->
  </suite> <!-- Default suite -->
</testng-results>
