<?xml version="1.0" encoding="UTF-8"?>
<!-- Generated by org.testng.reporters.JUnitXMLReporter -->
<testsuite ignored="2" hostname="DESKTOP-0CA9R8P" failures="0" tests="3" name="Test" time="16.426" errors="0" timestamp="2024-11-19T12:49:16 IST">
  <testcase classname="TestNGExecution.Batch5" name="Dominos" time="5.391"/>
  <testcase classname="TestNGExecution.Batch4" name="KFC" time="5.604"/>
  <testcase classname="TestNGExecution.Batch1" name="swiggy" time="5.352"/>
  <testcase classname="TestNGExecution.Batch3" name="Pizzahut" time="0.0">
    <ignored/>
  </testcase> <!-- Pizzahut -->
  <testcase classname="TestNGExecution.Batch2" name="Zomato" time="0.0">
    <ignored/>
  </testcase> <!-- Zomato -->
</testsuite> <!-- Test -->
