<?xml version="1.0" encoding="UTF-8"?>
<!-- Generated by org.testng.reporters.JUnitXMLReporter -->
<testsuite ignored="2" hostname="DESKTOP-0CA9R8P" failures="0" tests="3" name="Test" time="51.383" errors="0" timestamp="2024-11-21T23:40:38 IST">
  <testcase classname="TestNGExecution.Batch5" name="Dominos" time="22.878"/>
  <testcase classname="TestNGExecution.Batch4" name="KFC" time="5.709"/>
  <testcase classname="TestNGExecution.Batch1" name="swiggy" time="22.686"/>
  <testcase classname="TestNGExecution.Batch3" name="Pizzahut" time="0.0">
    <ignored/>
  </testcase> <!-- Pizzahut -->
  <testcase classname="TestNGExecution.Batch2" name="Zomato" time="0.0">
    <ignored/>
  </testcase> <!-- Zomato -->
</testsuite> <!-- Test -->
